<?xml version="1.0" encoding="UTF-8"?>
<!-- Generated by org.testng.reporters.JUnitXMLReporter -->
<testsuite ignored="0" hostname="COKLPT0025" failures="1" tests="1" name="Login-CHROME" time="8.712" errors="0" timestamp="2023-11-14T15:33:06 IST">
  <testcase classname="io.cucumber.testng.AbstractTestNGCucumberTests" name="runScenario" time="0.001">
    <failure type="java.lang.StringIndexOutOfBoundsException" message="begin -1, end -1, length 65">
      <![CDATA[java.lang.StringIndexOutOfBoundsException: begin -1, end -1, length 65
at java.base/java.lang.String.checkBoundsBeginEnd(String.java:3319)
at java.base/java.lang.String.substring(String.java:1874)
at utility.iTestListenerImpl.onTestStart(iTestListenerImpl.java:33)
at java.base/java.util.ArrayList.forEach(ArrayList.java:1541)
... Removed 28 stack frames]]>
    </failure>
  </testcase> <!-- runScenario -->
</testsuite> <!-- Login-CHROME -->
